[1.676s] Invoking command in '/home/rocotics/ros2_ws/src/custom_robot_sim': PYTHONPATH=/home/rocotics/ros2_ws/src/custom_robot_sim/build/custom_robot_sim/prefix_override:/usr/lib/python3/dist-packages/colcon_core/task/python/colcon_distutils_commands:/home/rocotics/ros2_ws/src/custom_robot_sim/install/custom_robot_sim/lib/python3.8/site-packages:${PYTHONPATH} /usr/bin/python3 -W ignore:setup.py install is deprecated -W ignore:easy_install command is deprecated setup.py egg_info --egg-base build/custom_robot_sim build --build-base /home/rocotics/ros2_ws/src/custom_robot_sim/build/custom_robot_sim/build install --record /home/rocotics/ros2_ws/src/custom_robot_sim/build/custom_robot_sim/install.log --install-scripts $base/lib/custom_robot_sim --single-version-externally-managed install_data
[2.206s] running egg_info
[2.207s] creating build/custom_robot_sim/custom_robot_sim.egg-info
[2.207s] writing build/custom_robot_sim/custom_robot_sim.egg-info/PKG-INFO
[2.208s] writing dependency_links to build/custom_robot_sim/custom_robot_sim.egg-info/dependency_links.txt
[2.210s] writing entry points to build/custom_robot_sim/custom_robot_sim.egg-info/entry_points.txt
[2.213s] writing requirements to build/custom_robot_sim/custom_robot_sim.egg-info/requires.txt
[2.214s] writing top-level names to build/custom_robot_sim/custom_robot_sim.egg-info/top_level.txt
[2.226s] writing manifest file 'build/custom_robot_sim/custom_robot_sim.egg-info/SOURCES.txt'
[2.274s] reading manifest file 'build/custom_robot_sim/custom_robot_sim.egg-info/SOURCES.txt'
[2.276s] writing manifest file 'build/custom_robot_sim/custom_robot_sim.egg-info/SOURCES.txt'
[2.277s] running build
[2.277s] running build_py
[2.280s] creating /home/rocotics/ros2_ws/src/custom_robot_sim/build/custom_robot_sim/build
[2.280s] creating /home/rocotics/ros2_ws/src/custom_robot_sim/build/custom_robot_sim/build/lib
[2.280s] creating /home/rocotics/ros2_ws/src/custom_robot_sim/build/custom_robot_sim/build/lib/custom_robot_sim
[2.282s] copying custom_robot_sim/reload_robot_model.py -> /home/rocotics/ros2_ws/src/custom_robot_sim/build/custom_robot_sim/build/lib/custom_robot_sim
[2.282s] copying custom_robot_sim/__init__.py -> /home/rocotics/ros2_ws/src/custom_robot_sim/build/custom_robot_sim/build/lib/custom_robot_sim
[2.283s] running install
[2.284s] running install_lib
[2.287s] creating /home/rocotics/ros2_ws/src/custom_robot_sim/install/custom_robot_sim/lib/python3.8/site-packages/custom_robot_sim
[2.287s] copying /home/rocotics/ros2_ws/src/custom_robot_sim/build/custom_robot_sim/build/lib/custom_robot_sim/reload_robot_model.py -> /home/rocotics/ros2_ws/src/custom_robot_sim/install/custom_robot_sim/lib/python3.8/site-packages/custom_robot_sim
[2.287s] copying /home/rocotics/ros2_ws/src/custom_robot_sim/build/custom_robot_sim/build/lib/custom_robot_sim/__init__.py -> /home/rocotics/ros2_ws/src/custom_robot_sim/install/custom_robot_sim/lib/python3.8/site-packages/custom_robot_sim
[2.292s] byte-compiling /home/rocotics/ros2_ws/src/custom_robot_sim/install/custom_robot_sim/lib/python3.8/site-packages/custom_robot_sim/reload_robot_model.py to reload_robot_model.cpython-38.pyc
[2.297s] byte-compiling /home/rocotics/ros2_ws/src/custom_robot_sim/install/custom_robot_sim/lib/python3.8/site-packages/custom_robot_sim/__init__.py to __init__.cpython-38.pyc
[2.297s] running install_data
[2.297s] creating /home/rocotics/ros2_ws/src/custom_robot_sim/install/custom_robot_sim/share/ament_index
[2.298s] creating /home/rocotics/ros2_ws/src/custom_robot_sim/install/custom_robot_sim/share/ament_index/resource_index
[2.299s] creating /home/rocotics/ros2_ws/src/custom_robot_sim/install/custom_robot_sim/share/ament_index/resource_index/packages
[2.300s] copying resource/custom_robot_sim -> /home/rocotics/ros2_ws/src/custom_robot_sim/install/custom_robot_sim/share/ament_index/resource_index/packages
[2.300s] copying package.xml -> /home/rocotics/ros2_ws/src/custom_robot_sim/install/custom_robot_sim/share/custom_robot_sim
[2.300s] running install_egg_info
[2.304s] Copying build/custom_robot_sim/custom_robot_sim.egg-info to /home/rocotics/ros2_ws/src/custom_robot_sim/install/custom_robot_sim/lib/python3.8/site-packages/custom_robot_sim-0.0.0-py3.8.egg-info
[2.311s] running install_scripts
[2.347s] writing list of installed files to '/home/rocotics/ros2_ws/src/custom_robot_sim/build/custom_robot_sim/install.log'
[2.401s] Invoked command in '/home/rocotics/ros2_ws/src/custom_robot_sim' returned '0': PYTHONPATH=/home/rocotics/ros2_ws/src/custom_robot_sim/build/custom_robot_sim/prefix_override:/usr/lib/python3/dist-packages/colcon_core/task/python/colcon_distutils_commands:/home/rocotics/ros2_ws/src/custom_robot_sim/install/custom_robot_sim/lib/python3.8/site-packages:${PYTHONPATH} /usr/bin/python3 -W ignore:setup.py install is deprecated -W ignore:easy_install command is deprecated setup.py egg_info --egg-base build/custom_robot_sim build --build-base /home/rocotics/ros2_ws/src/custom_robot_sim/build/custom_robot_sim/build install --record /home/rocotics/ros2_ws/src/custom_robot_sim/build/custom_robot_sim/install.log --install-scripts $base/lib/custom_robot_sim --single-version-externally-managed install_data
